RANKING 1
Sylvester:
	[słodki duży zdrowy]
	[słodki duży nadgniły]
	[kwaśny mały nadgniły]
Arnold:
	[słodki duży nadgniły]
	[kwaśny mały nadgniły]
Anonim:
	[kwaśny średni robaczywy]

RANKING 2
Arnold:
	[słodki duży nadgniły]
	[kwaśny mały nadgniły]
Chuck:
	[kwaśny średni robaczywy]
Chuck:
	[kwaśny średni robaczywy]

RANKING 3
Sylvester:
	[słodki duży zdrowy]
	[słodki duży nadgniły]
	[kwaśny mały nadgniły]
Arnold:
	[słodki duży nadgniły]
	[kwaśny mały nadgniły]
Arnold:
	[słodki duży nadgniły]
	[kwaśny mały nadgniły]
Anonim:
	[kwaśny średni robaczywy]
Chuck:
	[kwaśny średni robaczywy]
Chuck:
	[kwaśny średni robaczywy]

